<?xml version="1.0" encoding="UTF-8"?>
<!-- Generated by org.testng.reporters.JUnitReportReporter -->
<testsuite skipped="0" hostname="SAJIDs-MBP.fios-router.home" name="tests.SeleniumTestClass" tests="2" failures="0" timestamp="2021-06-27T05:20:12 EDT" time="5.766" errors="0">
  <testcase name="verifySeleniumTitleTest" time="1.999" classname="tests.SeleniumTestClass"/>
  <system-out/>
  <testcase name="logoTest" time="3.767" classname="tests.SeleniumTestClass"/>
  <system-out/>
</testsuite> <!-- tests.SeleniumTestClass -->
