<?xml version="1.0" encoding="UTF-8"?>
<!-- Generated by org.testng.reporters.JUnitReportReporter -->
<testsuite skipped="0" hostname="SAJIDs-MBP.fios-router.home" name="singletonClassTest.PageTest" tests="1" failures="0" timestamp="2021-06-27T06:56:54 EDT" time="4.507" errors="0">
  <testcase name="testMethod" time="4.507" classname="singletonClassTest.PageTest"/>
  <system-out/>
</testsuite> <!-- singletonClassTest.PageTest -->
